0 info it worked if it ends with ok
1 verbose cli [ '/usr/local/bin/node',
1 verbose cli   '/usr/local/bin/npm',
1 verbose cli   'install',
1 verbose cli   'n',
1 verbose cli   '-g' ]
2 info using npm@2.15.5
3 info using node@v4.4.5
4 verbose install initial load of /usr/local/lib/package.json
5 verbose readDependencies loading dependencies from /usr/local/lib/package.json
6 silly cache add args [ 'n', null ]
7 verbose cache add spec n
8 silly cache add parsed spec Result {
8 silly cache add   raw: 'n',
8 silly cache add   scope: null,
8 silly cache add   name: 'n',
8 silly cache add   rawSpec: '',
8 silly cache add   spec: 'latest',
8 silly cache add   type: 'tag' }
9 silly addNamed n@latest
10 verbose addNamed "latest" is being treated as a dist-tag for n
11 info addNameTag [ 'n', 'latest' ]
12 silly mapToRegistry name n
13 silly mapToRegistry using default registry
14 silly mapToRegistry registry https://registry.npmjs.org/
15 silly mapToRegistry data Result {
15 silly mapToRegistry   raw: 'n',
15 silly mapToRegistry   scope: null,
15 silly mapToRegistry   name: 'n',
15 silly mapToRegistry   rawSpec: '',
15 silly mapToRegistry   spec: 'latest',
15 silly mapToRegistry   type: 'tag' }
16 silly mapToRegistry uri https://registry.npmjs.org/n
17 verbose addNameTag registry:https://registry.npmjs.org/n not in flight; fetching
18 verbose request uri https://registry.npmjs.org/n
19 verbose request no auth needed
20 info attempt registry request try #1 at 7:00:45 PM
21 verbose request id 2a4fa0bb3121a63e
22 http request GET https://registry.npmjs.org/n
23 http 200 https://registry.npmjs.org/n
24 verbose headers { server: 'CouchDB/1.5.0 (Erlang OTP/R16B03)',
24 verbose headers   etag: '"DRKV01WASHLH51N7LEJCYK1MP"',
24 verbose headers   'content-type': 'application/json',
24 verbose headers   'content-encoding': 'gzip',
24 verbose headers   'cache-control': 'max-age=300',
24 verbose headers   'content-length': '10660',
24 verbose headers   'accept-ranges': 'bytes',
24 verbose headers   date: 'Tue, 07 Jun 2016 17:00:45 GMT',
24 verbose headers   via: '1.1 varnish',
24 verbose headers   age: '154',
24 verbose headers   connection: 'keep-alive',
24 verbose headers   'x-served-by': 'cache-fra1237-FRA',
24 verbose headers   'x-cache': 'HIT',
24 verbose headers   'x-cache-hits': '1',
24 verbose headers   'x-timer': 'S1465318845.522841,VS0,VE0',
24 verbose headers   vary: 'Accept-Encoding' }
25 silly get cb [ 200,
25 silly get   { server: 'CouchDB/1.5.0 (Erlang OTP/R16B03)',
25 silly get     etag: '"DRKV01WASHLH51N7LEJCYK1MP"',
25 silly get     'content-type': 'application/json',
25 silly get     'content-encoding': 'gzip',
25 silly get     'cache-control': 'max-age=300',
25 silly get     'content-length': '10660',
25 silly get     'accept-ranges': 'bytes',
25 silly get     date: 'Tue, 07 Jun 2016 17:00:45 GMT',
25 silly get     via: '1.1 varnish',
25 silly get     age: '154',
25 silly get     connection: 'keep-alive',
25 silly get     'x-served-by': 'cache-fra1237-FRA',
25 silly get     'x-cache': 'HIT',
25 silly get     'x-cache-hits': '1',
25 silly get     'x-timer': 'S1465318845.522841,VS0,VE0',
25 silly get     vary: 'Accept-Encoding' } ]
26 verbose get saving n to /Users/nejcstankovic/.npm/registry.npmjs.org/n/.cache.json
27 verbose correctMkdir /Users/nejcstankovic/.npm correctMkdir not in flight; initializing
28 silly addNameTag next cb for n with tag latest
29 silly addNamed n@2.1.0
30 verbose addNamed "2.1.0" is a plain semver version for n
31 silly mapToRegistry name n
32 silly mapToRegistry using default registry
33 silly mapToRegistry registry https://registry.npmjs.org/
34 silly mapToRegistry data Result {
34 silly mapToRegistry   raw: 'n',
34 silly mapToRegistry   scope: null,
34 silly mapToRegistry   name: 'n',
34 silly mapToRegistry   rawSpec: '',
34 silly mapToRegistry   spec: 'latest',
34 silly mapToRegistry   type: 'tag' }
35 silly mapToRegistry uri https://registry.npmjs.org/n
36 verbose addRemoteTarball https://registry.npmjs.org/n/-/n-2.1.0.tgz not in flight; adding
37 verbose addRemoteTarball [ 'https://registry.npmjs.org/n/-/n-2.1.0.tgz',
37 verbose addRemoteTarball   '4fc736dc18291e464c79fda9ef8faf21e6e1a679' ]
38 info retry fetch attempt 1 at 7:00:45 PM
39 info attempt registry request try #1 at 7:00:45 PM
40 http fetch GET https://registry.npmjs.org/n/-/n-2.1.0.tgz
41 http fetch 200 https://registry.npmjs.org/n/-/n-2.1.0.tgz
42 silly fetchAndShaCheck shasum 4fc736dc18291e464c79fda9ef8faf21e6e1a679
43 verbose addTmpTarball /var/folders/c3/q6g2s081533gp63517gzf2nr0000gn/T/npm-533-ab2dc7b2/registry.npmjs.org/n/-/n-2.1.0.tgz not in flight; adding
44 verbose addTmpTarball already have metadata; skipping unpack for n@2.1.0
45 verbose correctMkdir /Users/nejcstankovic/.npm correctMkdir not in flight; initializing
46 silly cache afterAdd n@2.1.0
47 verbose afterAdd /Users/nejcstankovic/.npm/n/2.1.0/package/package.json not in flight; writing
48 verbose correctMkdir /Users/nejcstankovic/.npm correctMkdir not in flight; initializing
49 verbose afterAdd /Users/nejcstankovic/.npm/n/2.1.0/package/package.json written
50 silly install resolved [ { name: 'n',
50 silly install resolved     description: 'Interactively Manage All Your Node Versions',
50 silly install resolved     version: '2.1.0',
50 silly install resolved     author: { name: 'TJ Holowaychuk', email: 'tj@vision-media.ca' },
50 silly install resolved     homepage: 'https://github.com/tj/n',
50 silly install resolved     bugs: { url: 'https://github.com/tj/n/issues' },
50 silly install resolved     contributors: [ [Object], [Object], [Object] ],
50 silly install resolved     keywords:
50 silly install resolved      [ 'nvm',
50 silly install resolved        'node',
50 silly install resolved        'version',
50 silly install resolved        'manager',
50 silly install resolved        'switcher',
50 silly install resolved        'node',
50 silly install resolved        'binary',
50 silly install resolved        'env' ],
50 silly install resolved     bin: { n: './bin/n' },
50 silly install resolved     repository: { type: 'git', url: 'git://github.com/tj/n.git' },
50 silly install resolved     preferGlobal: true,
50 silly install resolved     os: [ '!win32' ],
50 silly install resolved     engines: { node: '*' },
50 silly install resolved     license: 'MIT',
50 silly install resolved     gitHead: '17ef0bf936c9ddb57b174d79f81ae04d8257883e',
50 silly install resolved     _id: 'n@2.1.0',
50 silly install resolved     scripts: {},
50 silly install resolved     _shasum: '4fc736dc18291e464c79fda9ef8faf21e6e1a679',
50 silly install resolved     _from: 'n@latest',
50 silly install resolved     _npmVersion: '3.3.12',
50 silly install resolved     _nodeVersion: '5.3.0',
50 silly install resolved     _npmUser: { name: 'qw3rtman', email: 'me@nimit.io' },
50 silly install resolved     dist:
50 silly install resolved      { shasum: '4fc736dc18291e464c79fda9ef8faf21e6e1a679',
50 silly install resolved        tarball: 'https://registry.npmjs.org/n/-/n-2.1.0.tgz' },
50 silly install resolved     maintainers: [ [Object], [Object], [Object], [Object], [Object], [Object] ],
50 silly install resolved     directories: {},
50 silly install resolved     _resolved: 'https://registry.npmjs.org/n/-/n-2.1.0.tgz' } ]
51 info install n@2.1.0 into /usr/local/lib
52 info installOne n@2.1.0
53 verbose installOne of n to /usr/local/lib not in flight; installing
54 verbose correctMkdir /Users/nejcstankovic/.npm/_locks correctMkdir not in flight; initializing
55 verbose lock using /Users/nejcstankovic/.npm/_locks/n-a01478239d85533e.lock for /usr/local/lib/node_modules/n
56 silly install write writing n 2.1.0 to /usr/local/lib/node_modules/n
57 verbose unbuild lib/node_modules/n
58 silly gentlyRm /usr/local/lib/node_modules/n is being purged from base /usr/local
59 verbose gentlyRm don't care about contents; nuking /usr/local/lib/node_modules/n
60 verbose tar unpack /Users/nejcstankovic/.npm/n/2.1.0/package.tgz
61 verbose tar unpacking to /usr/local/lib/node_modules/n
62 silly gentlyRm /usr/local/lib/node_modules/n is being purged
63 verbose gentlyRm don't care about contents; nuking /usr/local/lib/node_modules/n
64 silly gunzTarPerm modes [ '755', '644' ]
65 error tar.unpack untar error /Users/nejcstankovic/.npm/n/2.1.0/package.tgz
66 verbose unlock done using /Users/nejcstankovic/.npm/_locks/n-a01478239d85533e.lock for /usr/local/lib/node_modules/n
67 verbose fstream_path /usr/local/lib/node_modules/n
68 verbose fstream_type Directory
69 verbose fstream_class DirWriter
70 verbose stack Error: EACCES: permission denied, mkdir '/usr/local/lib/node_modules/n'
70 verbose stack     at Error (native)
71 verbose fstream_stack /usr/local/lib/node_modules/npm/node_modules/fstream/lib/dir-writer.js:35:25
71 verbose fstream_stack /usr/local/lib/node_modules/npm/node_modules/mkdirp/index.js:47:53
71 verbose fstream_stack FSReqWrap.oncomplete (fs.js:82:15)
72 verbose cwd /Users/nejcstankovic/Documents/programiranje/cms/api
73 error Darwin 15.3.0
74 error argv "/usr/local/bin/node" "/usr/local/bin/npm" "install" "n" "-g"
75 error node v4.4.5
76 error npm  v2.15.5
77 error path /usr/local/lib/node_modules/n
78 error code EACCES
79 error errno -13
80 error syscall mkdir
81 error Error: EACCES: permission denied, mkdir '/usr/local/lib/node_modules/n'
81 error     at Error (native)
81 error  { [Error: EACCES: permission denied, mkdir '/usr/local/lib/node_modules/n']
81 error   errno: -13,
81 error   code: 'EACCES',
81 error   syscall: 'mkdir',
81 error   path: '/usr/local/lib/node_modules/n',
81 error   fstream_type: 'Directory',
81 error   fstream_path: '/usr/local/lib/node_modules/n',
81 error   fstream_class: 'DirWriter',
81 error   fstream_stack:
81 error    [ '/usr/local/lib/node_modules/npm/node_modules/fstream/lib/dir-writer.js:35:25',
81 error      '/usr/local/lib/node_modules/npm/node_modules/mkdirp/index.js:47:53',
81 error      'FSReqWrap.oncomplete (fs.js:82:15)' ] }
82 error Please try running this command again as root/Administrator.
83 verbose exit [ -13, true ]
84 verbose unbuild lib/node_modules/n
85 silly gentlyRm /usr/local/lib/node_modules/n is being purged from base /usr/local
86 verbose gentlyRm don't care about contents; nuking /usr/local/lib/node_modules/n
